<?xml version="1.0" encoding="UTF-8"?>
<!-- Generated by org.testng.reporters.JUnitXMLReporter -->
<testsuite ignored="0" hostname="DESKTOP-OOQ7SLD" failures="1" tests="1" name="Yahoo App Test" time="0.035" errors="0" timestamp="30 Jul 2018 23:15:08 GMT">
  <testcase classname="com.parameters.ParametersTest" name="yahooLoginTest" time="0.008">
    <failure type="java.lang.NullPointerException">
      <![CDATA[java.lang.NullPointerException
	at com.parameters.ParametersTest.yahooLoginTest(ParametersTest.java:28)
... Removed 25 stack frames]]>
    </failure>
  </testcase> <!-- yahooLoginTest -->
</testsuite> <!-- Yahoo App Test -->
