<?xml version="1.0" encoding="UTF-8"?>
<!-- Generated by org.testng.reporters.JUnitXMLReporter -->
<testsuite ignored="0" hostname="DESKTOP-OOQ7SLD" failures="1" tests="21" name="Different testng Feature Test" time="32.598" errors="0" timestamp="30 Jul 2018 21:55:38 GMT">
  <testcase classname="com.TestNG.Test.ExceptionTimeOutTest" name="infiniteloopTest" time="1.017">
    <failure type="java.lang.ArrayIndexOutOfBoundsException" message="0">
      <![CDATA[java.lang.ArrayIndexOutOfBoundsException: 0
... Removed 22 stack frames]]>
    </failure>
  </testcase> <!-- infiniteloopTest -->
  <testcase classname="com.TestNG.Test.TestNGFeatures" name="loginTest" time="0.017"/>
  <testcase classname="com.TestNG.Test.TestNGFeatures" name="HomePageTest" time="0.037"/>
  <testcase classname="com.TestNG.Test.TestNGFeatures" name="RegPageTest" time="0.001"/>
  <testcase classname="com.TestNG.Test.TestNGFeatures" name="SearchPageTest" time="0.001"/>
  <testcase classname="com.TestNG.Test.InvocationCountTest" name="sum" time="0.001"/>
  <testcase classname="com.TestNG.Test.InvocationCountTest" name="sum" time="0.001"/>
  <testcase classname="com.TestNG.Test.InvocationCountTest" name="sum" time="0.001"/>
  <testcase classname="com.TestNG.Test.InvocationCountTest" name="sum" time="0.001"/>
  <testcase classname="com.TestNG.Test.InvocationCountTest" name="sum" time="0.001"/>
  <testcase classname="com.TestNG.Test.InvocationCountTest" name="sum" time="0.005"/>
  <testcase classname="com.TestNG.Test.InvocationCountTest" name="sum" time="0.017"/>
  <testcase classname="com.TestNG.Test.InvocationCountTest" name="sum" time="0.001"/>
  <testcase classname="com.TestNG.Test.InvocationCountTest" name="sum" time="0.001"/>
  <testcase classname="com.TestNG.Test.InvocationCountTest" name="sum" time="0.001"/>
  <testcase classname="com.TestNG.Test.GoogleTest" name="googleTitleTest" time="0.074"/>
  <testcase classname="com.TestNG.Test.GoogleTest" name="googleMaillinkTest" time="0.045"/>
  <testcase classname="com.TestNG.Test.GoogleTest" name="googleLogoTest" time="0.044"/>
  <testcase classname="com.TestNG.Test.GoogleTest" name="test1" time="0.001"/>
  <testcase classname="com.TestNG.Test.GoogleTest" name="test2" time="0.002"/>
  <testcase classname="com.TestNG.Test.GoogleTest" name="test3" time="0.0"/>
</testsuite> <!-- Different testng Feature Test -->
